
2017-09-09 23:42:46
[ERROR]-[Thread: main]-[org.springframework.test.context.TestContextManager.prepareTestInstance()]: Caught exception while allowing TestExecutionListener [org.springframework.test.context.support.DependencyInjectionTestExecutionListener@53fb3dab] to prepare test instance [xin.charming.test.DaoTest@cb0755b]
java.lang.IllegalStateException: Failed to load ApplicationContext
	at org.springframework.test.context.cache.DefaultCacheAwareContextLoaderDelegate.loadContext(DefaultCacheAwareContextLoaderDelegate.java:124)
	at org.springframework.test.context.support.DefaultTestContext.getApplicationContext(DefaultTestContext.java:83)
	at org.springframework.test.context.support.DependencyInjectionTestExecutionListener.injectDependencies(DependencyInjectionTestExecutionListener.java:117)
	at org.springframework.test.context.support.DependencyInjectionTestExecutionListener.prepareTestInstance(DependencyInjectionTestExecutionListener.java:83)
	at org.springframework.test.context.TestContextManager.prepareTestInstance(TestContextManager.java:230)
	at org.springframework.test.context.junit4.SpringJUnit4ClassRunner.createTest(SpringJUnit4ClassRunner.java:228)
	at org.springframework.test.context.junit4.SpringJUnit4ClassRunner$1.runReflectiveCall(SpringJUnit4ClassRunner.java:287)
	at org.junit.internal.runners.model.ReflectiveCallable.run(ReflectiveCallable.java:12)
	at org.springframework.test.context.junit4.SpringJUnit4ClassRunner.methodBlock(SpringJUnit4ClassRunner.java:289)
	at org.springframework.test.context.junit4.SpringJUnit4ClassRunner.runChild(SpringJUnit4ClassRunner.java:247)
	at org.springframework.test.context.junit4.SpringJUnit4ClassRunner.runChild(SpringJUnit4ClassRunner.java:94)
	at org.junit.runners.ParentRunner$3.run(ParentRunner.java:290)
	at org.junit.runners.ParentRunner$1.schedule(ParentRunner.java:71)
	at org.junit.runners.ParentRunner.runChildren(ParentRunner.java:288)
	at org.junit.runners.ParentRunner.access$000(ParentRunner.java:58)
	at org.junit.runners.ParentRunner$2.evaluate(ParentRunner.java:268)
	at org.springframework.test.context.junit4.statements.RunBeforeTestClassCallbacks.evaluate(RunBeforeTestClassCallbacks.java:61)
	at org.springframework.test.context.junit4.statements.RunAfterTestClassCallbacks.evaluate(RunAfterTestClassCallbacks.java:70)
	at org.junit.runners.ParentRunner.run(ParentRunner.java:363)
	at org.springframework.test.context.junit4.SpringJUnit4ClassRunner.run(SpringJUnit4ClassRunner.java:191)
	at org.junit.runner.JUnitCore.run(JUnitCore.java:137)
	at com.intellij.junit4.JUnit4IdeaTestRunner.startRunnerWithArgs(JUnit4IdeaTestRunner.java:68)
	at com.intellij.rt.execution.junit.IdeaTestRunner$Repeater.startRunnerWithArgs(IdeaTestRunner.java:47)
	at com.intellij.rt.execution.junit.JUnitStarter.prepareStreamsAndStart(JUnitStarter.java:242)
	at com.intellij.rt.execution.junit.JUnitStarter.main(JUnitStarter.java:70)
Caused by: org.springframework.beans.factory.BeanCreationException: Error creating bean with name 'folderDao': Injection of resource dependencies failed; nested exception is org.springframework.beans.factory.BeanCreationException: Error creating bean with name 'sqlSessionFactory' defined in class path resource [applicationContext.xml]: Invocation of init method failed; nested exception is org.apache.ibatis.builder.BuilderException: Error creating document instance.  Cause: org.xml.sax.SAXParseException; lineNumber: 17; columnNumber: 17; 元素类型为 "configuration" 的内容必须匹配 "(properties?,settings?,typeAliases?,typeHandlers?,objectFactory?,objectWrapperFactory?,reflectorFactory?,plugins?,environments?,databaseIdProvider?,mappers?)"。
	at org.springframework.context.annotation.CommonAnnotationBeanPostProcessor.postProcessPropertyValues(CommonAnnotationBeanPostProcessor.java:321)
	at org.springframework.beans.factory.support.AbstractAutowireCapableBeanFactory.populateBean(AbstractAutowireCapableBeanFactory.java:1264)
	at org.springframework.beans.factory.support.AbstractAutowireCapableBeanFactory.doCreateBean(AbstractAutowireCapableBeanFactory.java:553)
	at org.springframework.beans.factory.support.AbstractAutowireCapableBeanFactory.createBean(AbstractAutowireCapableBeanFactory.java:483)
	at org.springframework.beans.factory.support.AbstractBeanFactory$1.getObject(AbstractBeanFactory.java:306)
	at org.springframework.beans.factory.support.DefaultSingletonBeanRegistry.getSingleton(DefaultSingletonBeanRegistry.java:230)
	at org.springframework.beans.factory.support.AbstractBeanFactory.doGetBean(AbstractBeanFactory.java:302)
	at org.springframework.beans.factory.support.AbstractBeanFactory.getBean(AbstractBeanFactory.java:197)
	at org.springframework.beans.factory.support.DefaultListableBeanFactory.preInstantiateSingletons(DefaultListableBeanFactory.java:761)
	at org.springframework.context.support.AbstractApplicationContext.finishBeanFactoryInitialization(AbstractApplicationContext.java:867)
	at org.springframework.context.support.AbstractApplicationContext.refresh(AbstractApplicationContext.java:543)
	at org.springframework.test.context.support.AbstractGenericContextLoader.loadContext(AbstractGenericContextLoader.java:128)
	at org.springframework.test.context.support.AbstractGenericContextLoader.loadContext(AbstractGenericContextLoader.java:60)
	at org.springframework.test.context.support.AbstractDelegatingSmartContextLoader.delegateLoading(AbstractDelegatingSmartContextLoader.java:108)
	at org.springframework.test.context.support.AbstractDelegatingSmartContextLoader.loadContext(AbstractDelegatingSmartContextLoader.java:251)
	at org.springframework.test.context.cache.DefaultCacheAwareContextLoaderDelegate.loadContextInternal(DefaultCacheAwareContextLoaderDelegate.java:98)
	at org.springframework.test.context.cache.DefaultCacheAwareContextLoaderDelegate.loadContext(DefaultCacheAwareContextLoaderDelegate.java:116)
	... 24 more
Caused by: org.springframework.beans.factory.BeanCreationException: Error creating bean with name 'sqlSessionFactory' defined in class path resource [applicationContext.xml]: Invocation of init method failed; nested exception is org.apache.ibatis.builder.BuilderException: Error creating document instance.  Cause: org.xml.sax.SAXParseException; lineNumber: 17; columnNumber: 17; 元素类型为 "configuration" 的内容必须匹配 "(properties?,settings?,typeAliases?,typeHandlers?,objectFactory?,objectWrapperFactory?,reflectorFactory?,plugins?,environments?,databaseIdProvider?,mappers?)"。
	at org.springframework.beans.factory.support.AbstractAutowireCapableBeanFactory.initializeBean(AbstractAutowireCapableBeanFactory.java:1628)
	at org.springframework.beans.factory.support.AbstractAutowireCapableBeanFactory.doCreateBean(AbstractAutowireCapableBeanFactory.java:555)
	at org.springframework.beans.factory.support.AbstractAutowireCapableBeanFactory.createBean(AbstractAutowireCapableBeanFactory.java:483)
	at org.springframework.beans.factory.support.AbstractBeanFactory$1.getObject(AbstractBeanFactory.java:306)
	at org.springframework.beans.factory.support.DefaultSingletonBeanRegistry.getSingleton(DefaultSingletonBeanRegistry.java:230)
	at org.springframework.beans.factory.support.AbstractBeanFactory.doGetBean(AbstractBeanFactory.java:302)
	at org.springframework.beans.factory.support.AbstractBeanFactory.getBean(AbstractBeanFactory.java:202)
	at org.springframework.context.annotation.CommonAnnotationBeanPostProcessor.autowireResource(CommonAnnotationBeanPostProcessor.java:522)
	at org.springframework.context.annotation.CommonAnnotationBeanPostProcessor.getResource(CommonAnnotationBeanPostProcessor.java:496)
	at org.springframework.context.annotation.CommonAnnotationBeanPostProcessor$ResourceElement.getResourceToInject(CommonAnnotationBeanPostProcessor.java:627)
	at org.springframework.beans.factory.annotation.InjectionMetadata$InjectedElement.inject(InjectionMetadata.java:178)
	at org.springframework.beans.factory.annotation.InjectionMetadata.inject(InjectionMetadata.java:88)
	at org.springframework.context.annotation.CommonAnnotationBeanPostProcessor.postProcessPropertyValues(CommonAnnotationBeanPostProcessor.java:318)
	... 40 more
Caused by: org.apache.ibatis.builder.BuilderException: Error creating document instance.  Cause: org.xml.sax.SAXParseException; lineNumber: 17; columnNumber: 17; 元素类型为 "configuration" 的内容必须匹配 "(properties?,settings?,typeAliases?,typeHandlers?,objectFactory?,objectWrapperFactory?,reflectorFactory?,plugins?,environments?,databaseIdProvider?,mappers?)"。
	at org.apache.ibatis.parsing.XPathParser.createDocument(XPathParser.java:259)
	at org.apache.ibatis.parsing.XPathParser.<init>(XPathParser.java:125)
	at org.apache.ibatis.builder.xml.XMLConfigBuilder.<init>(XMLConfigBuilder.java:81)
	at org.mybatis.spring.SqlSessionFactoryBean.buildSqlSessionFactory(SqlSessionFactoryBean.java:407)
	at org.mybatis.spring.SqlSessionFactoryBean.afterPropertiesSet(SqlSessionFactoryBean.java:381)
	at org.springframework.beans.factory.support.AbstractAutowireCapableBeanFactory.invokeInitMethods(AbstractAutowireCapableBeanFactory.java:1687)
	at org.springframework.beans.factory.support.AbstractAutowireCapableBeanFactory.initializeBean(AbstractAutowireCapableBeanFactory.java:1624)
	... 52 more
Caused by: org.xml.sax.SAXParseException; lineNumber: 17; columnNumber: 17; 元素类型为 "configuration" 的内容必须匹配 "(properties?,settings?,typeAliases?,typeHandlers?,objectFactory?,objectWrapperFactory?,reflectorFactory?,plugins?,environments?,databaseIdProvider?,mappers?)"。
	at com.sun.org.apache.xerces.internal.util.ErrorHandlerWrapper.createSAXParseException(ErrorHandlerWrapper.java:203)
	at com.sun.org.apache.xerces.internal.util.ErrorHandlerWrapper.error(ErrorHandlerWrapper.java:134)
	at com.sun.org.apache.xerces.internal.impl.XMLErrorReporter.reportError(XMLErrorReporter.java:396)
	at com.sun.org.apache.xerces.internal.impl.XMLErrorReporter.reportError(XMLErrorReporter.java:327)
	at com.sun.org.apache.xerces.internal.impl.XMLErrorReporter.reportError(XMLErrorReporter.java:284)
	at com.sun.org.apache.xerces.internal.impl.dtd.XMLDTDValidator.handleEndElement(XMLDTDValidator.java:1994)
	at com.sun.org.apache.xerces.internal.impl.dtd.XMLDTDValidator.endElement(XMLDTDValidator.java:879)
	at com.sun.org.apache.xerces.internal.impl.XMLDocumentFragmentScannerImpl.scanEndElement(XMLDocumentFragmentScannerImpl.java:1783)
	at com.sun.org.apache.xerces.internal.impl.XMLDocumentFragmentScannerImpl$FragmentContentDriver.next(XMLDocumentFragmentScannerImpl.java:2970)
	at com.sun.org.apache.xerces.internal.impl.XMLDocumentScannerImpl.next(XMLDocumentScannerImpl.java:606)
	at com.sun.org.apache.xerces.internal.impl.XMLDocumentFragmentScannerImpl.scanDocument(XMLDocumentFragmentScannerImpl.java:510)
	at com.sun.org.apache.xerces.internal.parsers.XML11Configuration.parse(XML11Configuration.java:848)
	at com.sun.org.apache.xerces.internal.parsers.XML11Configuration.parse(XML11Configuration.java:777)
	at com.sun.org.apache.xerces.internal.parsers.XMLParser.parse(XMLParser.java:141)
	at com.sun.org.apache.xerces.internal.parsers.DOMParser.parse(DOMParser.java:243)
	at com.sun.org.apache.xerces.internal.jaxp.DocumentBuilderImpl.parse(DocumentBuilderImpl.java:339)
	at org.apache.ibatis.parsing.XPathParser.createDocument(XPathParser.java:257)
	... 58 more

2017-09-09 23:45:29
[INFO]-[Thread: main]-[org.springframework.test.context.support.AbstractTestContextBootstrapper.getDefaultTestExecutionListenerClassNames()]: Loaded default TestExecutionListener class names from location [META-INF/spring.factories]: [org.springframework.test.context.web.ServletTestExecutionListener, org.springframework.test.context.support.DirtiesContextBeforeModesTestExecutionListener, org.springframework.test.context.support.DependencyInjectionTestExecutionListener, org.springframework.test.context.support.DirtiesContextTestExecutionListener, org.springframework.test.context.transaction.TransactionalTestExecutionListener, org.springframework.test.context.jdbc.SqlScriptsTestExecutionListener]

2017-09-09 23:45:30
[INFO]-[Thread: main]-[org.springframework.test.context.support.AbstractTestContextBootstrapper.getTestExecutionListeners()]: Using TestExecutionListeners: [org.springframework.test.context.web.ServletTestExecutionListener@cb5822, org.springframework.test.context.support.DirtiesContextBeforeModesTestExecutionListener@4b9e13df, org.springframework.test.context.support.DependencyInjectionTestExecutionListener@2b98378d, org.springframework.test.context.support.DirtiesContextTestExecutionListener@475530b9, org.springframework.test.context.transaction.TransactionalTestExecutionListener@1d057a39, org.springframework.test.context.jdbc.SqlScriptsTestExecutionListener@26be92ad]

2017-09-09 23:45:30
[INFO]-[Thread: main]-[org.springframework.beans.factory.xml.XmlBeanDefinitionReader.loadBeanDefinitions()]: Loading XML bean definitions from class path resource [applicationContext.xml]

2017-09-09 23:45:30
[INFO]-[Thread: main]-[org.springframework.context.support.AbstractApplicationContext.prepareRefresh()]: Refreshing org.springframework.context.support.GenericApplicationContext@64bfbc86: startup date [Sat Sep 09 23:45:30 CST 2017]; root of context hierarchy

2017-09-09 23:45:30
[WARN]-[Thread: main]-[org.mybatis.spring.mapper.ClassPathMapperScanner.doScan()]: No MyBatis mapper was found in '[xin.charming.dao]' package. Please check your configuration.

2017-09-09 23:45:31
[INFO]-[Thread: main]-[com.mchange.v2.log.MLog.<clinit>()]: MLog clients using log4j logging.

2017-09-09 23:45:31
[INFO]-[Thread: main]-[com.mchange.v2.c3p0.C3P0Registry.banner()]: Initializing c3p0-0.9.1.2 [built 21-May-2007 15:04:56; debug? true; trace: 10]

2017-09-09 23:45:32
[INFO]-[Thread: main]-[com.mchange.v2.c3p0.impl.AbstractPoolBackedDataSource.getPoolManager()]: Initializing c3p0 pool... com.mchange.v2.c3p0.ComboPooledDataSource [ acquireIncrement -> 3, acquireRetryAttempts -> 30, acquireRetryDelay -> 1000, autoCommitOnClose -> false, automaticTestTable -> null, breakAfterAcquireFailure -> false, checkoutTimeout -> 0, connectionCustomizerClassName -> null, connectionTesterClassName -> com.mchange.v2.c3p0.impl.DefaultConnectionTester, dataSourceName -> 1hge0yz9qso0av1158cju3|2002fc1d, debugUnreturnedConnectionStackTraces -> false, description -> null, driverClass -> com.mysql.jdbc.Driver, factoryClassLocation -> null, forceIgnoreUnresolvedTransactions -> false, identityToken -> 1hge0yz9qso0av1158cju3|2002fc1d, idleConnectionTestPeriod -> 0, initialPoolSize -> 3, jdbcUrl -> jdbc:mysql://localhost:3306/qiange?useUnicode=true&amp;characterEncoding=UTF-8&allowMultiQueries=true, maxAdministrativeTaskTime -> 0, maxConnectionAge -> 0, maxIdleTime -> 0, maxIdleTimeExcessConnections -> 0, maxPoolSize -> 15, maxStatements -> 0, maxStatementsPerConnection -> 0, minPoolSize -> 3, numHelperThreads -> 3, numThreadsAwaitingCheckoutDefaultUser -> 0, preferredTestQuery -> null, properties -> {user=******, password=******}, propertyCycle -> 0, testConnectionOnCheckin -> false, testConnectionOnCheckout -> false, unreturnedConnectionTimeout -> 0, usesTraditionalReflectiveProxies -> false ]

2017-09-09 23:45:33
[INFO]-[Thread: Thread-1]-[org.springframework.context.support.AbstractApplicationContext.doClose()]: Closing org.springframework.context.support.GenericApplicationContext@64bfbc86: startup date [Sat Sep 09 23:45:30 CST 2017]; root of context hierarchy

2017-09-09 23:48:56
[INFO]-[Thread: main]-[org.springframework.test.context.support.AbstractTestContextBootstrapper.getDefaultTestExecutionListenerClassNames()]: Loaded default TestExecutionListener class names from location [META-INF/spring.factories]: [org.springframework.test.context.web.ServletTestExecutionListener, org.springframework.test.context.support.DirtiesContextBeforeModesTestExecutionListener, org.springframework.test.context.support.DependencyInjectionTestExecutionListener, org.springframework.test.context.support.DirtiesContextTestExecutionListener, org.springframework.test.context.transaction.TransactionalTestExecutionListener, org.springframework.test.context.jdbc.SqlScriptsTestExecutionListener]

2017-09-09 23:48:56
[INFO]-[Thread: main]-[org.springframework.test.context.support.AbstractTestContextBootstrapper.getTestExecutionListeners()]: Using TestExecutionListeners: [org.springframework.test.context.web.ServletTestExecutionListener@cb5822, org.springframework.test.context.support.DirtiesContextBeforeModesTestExecutionListener@4b9e13df, org.springframework.test.context.support.DependencyInjectionTestExecutionListener@2b98378d, org.springframework.test.context.support.DirtiesContextTestExecutionListener@475530b9, org.springframework.test.context.transaction.TransactionalTestExecutionListener@1d057a39, org.springframework.test.context.jdbc.SqlScriptsTestExecutionListener@26be92ad]

2017-09-09 23:48:56
[INFO]-[Thread: main]-[org.springframework.beans.factory.xml.XmlBeanDefinitionReader.loadBeanDefinitions()]: Loading XML bean definitions from class path resource [applicationContext.xml]

2017-09-09 23:48:56
[INFO]-[Thread: main]-[org.springframework.context.support.AbstractApplicationContext.prepareRefresh()]: Refreshing org.springframework.context.support.GenericApplicationContext@64bfbc86: startup date [Sat Sep 09 23:48:56 CST 2017]; root of context hierarchy

2017-09-09 23:48:57
[WARN]-[Thread: main]-[org.mybatis.spring.mapper.ClassPathMapperScanner.doScan()]: No MyBatis mapper was found in '[xin.charming.dao]' package. Please check your configuration.

2017-09-09 23:48:57
[INFO]-[Thread: main]-[com.mchange.v2.log.MLog.<clinit>()]: MLog clients using log4j logging.

2017-09-09 23:48:58
[INFO]-[Thread: main]-[com.mchange.v2.c3p0.C3P0Registry.banner()]: Initializing c3p0-0.9.1.2 [built 21-May-2007 15:04:56; debug? true; trace: 10]

2017-09-09 23:49:00
[INFO]-[Thread: main]-[xin.charming.dao.TagDao.updateByPrimaryKey()]: ======w====tag[Tag{id=3, tname='null', icon='icon', url='null', type='2', bgColor='null', topName='null'}]

2017-09-09 23:49:00
[INFO]-[Thread: main]-[com.mchange.v2.c3p0.impl.AbstractPoolBackedDataSource.getPoolManager()]: Initializing c3p0 pool... com.mchange.v2.c3p0.ComboPooledDataSource [ acquireIncrement -> 3, acquireRetryAttempts -> 30, acquireRetryDelay -> 1000, autoCommitOnClose -> false, automaticTestTable -> null, breakAfterAcquireFailure -> false, checkoutTimeout -> 0, connectionCustomizerClassName -> null, connectionTesterClassName -> com.mchange.v2.c3p0.impl.DefaultConnectionTester, dataSourceName -> 1hge0yz9qso4q3z1gyq9c5|2002fc1d, debugUnreturnedConnectionStackTraces -> false, description -> null, driverClass -> com.mysql.jdbc.Driver, factoryClassLocation -> null, forceIgnoreUnresolvedTransactions -> false, identityToken -> 1hge0yz9qso4q3z1gyq9c5|2002fc1d, idleConnectionTestPeriod -> 0, initialPoolSize -> 3, jdbcUrl -> jdbc:mysql://localhost:3306/qiange?useUnicode=true&amp;characterEncoding=UTF-8&allowMultiQueries=true, maxAdministrativeTaskTime -> 0, maxConnectionAge -> 0, maxIdleTime -> 0, maxIdleTimeExcessConnections -> 0, maxPoolSize -> 15, maxStatements -> 0, maxStatementsPerConnection -> 0, minPoolSize -> 3, numHelperThreads -> 3, numThreadsAwaitingCheckoutDefaultUser -> 0, preferredTestQuery -> null, properties -> {user=******, password=******}, propertyCycle -> 0, testConnectionOnCheckin -> false, testConnectionOnCheckout -> false, unreturnedConnectionTimeout -> 0, usesTraditionalReflectiveProxies -> false ]

2017-09-09 23:49:00
[INFO]-[Thread: Thread-1]-[org.springframework.context.support.AbstractApplicationContext.doClose()]: Closing org.springframework.context.support.GenericApplicationContext@64bfbc86: startup date [Sat Sep 09 23:48:56 CST 2017]; root of context hierarchy

2017-09-09 23:54:24
[INFO]-[org.springframework.test.context.support.AbstractTestContextBootstrapper.getDefaultTestExecutionListenerClassNames()]: Loaded default TestExecutionListener class names from location [META-INF/spring.factories]: [org.springframework.test.context.web.ServletTestExecutionListener, org.springframework.test.context.support.DirtiesContextBeforeModesTestExecutionListener, org.springframework.test.context.support.DependencyInjectionTestExecutionListener, org.springframework.test.context.support.DirtiesContextTestExecutionListener, org.springframework.test.context.transaction.TransactionalTestExecutionListener, org.springframework.test.context.jdbc.SqlScriptsTestExecutionListener]

2017-09-09 23:54:24
[INFO]-[org.springframework.test.context.support.AbstractTestContextBootstrapper.getTestExecutionListeners()]: Using TestExecutionListeners: [org.springframework.test.context.web.ServletTestExecutionListener@cb5822, org.springframework.test.context.support.DirtiesContextBeforeModesTestExecutionListener@4b9e13df, org.springframework.test.context.support.DependencyInjectionTestExecutionListener@2b98378d, org.springframework.test.context.support.DirtiesContextTestExecutionListener@475530b9, org.springframework.test.context.transaction.TransactionalTestExecutionListener@1d057a39, org.springframework.test.context.jdbc.SqlScriptsTestExecutionListener@26be92ad]

2017-09-09 23:54:24
[INFO]-[org.springframework.beans.factory.xml.XmlBeanDefinitionReader.loadBeanDefinitions()]: Loading XML bean definitions from class path resource [applicationContext.xml]

2017-09-09 23:54:24
[INFO]-[org.springframework.context.support.AbstractApplicationContext.prepareRefresh()]: Refreshing org.springframework.context.support.GenericApplicationContext@64bfbc86: startup date [Sat Sep 09 23:54:24 CST 2017]; root of context hierarchy

2017-09-09 23:54:24
[WARN]-[org.mybatis.spring.mapper.ClassPathMapperScanner.doScan()]: No MyBatis mapper was found in '[xin.charming.dao]' package. Please check your configuration.

2017-09-09 23:54:25
[INFO]-[com.mchange.v2.log.MLog.<clinit>()]: MLog clients using log4j logging.

2017-09-09 23:54:25
[INFO]-[com.mchange.v2.c3p0.C3P0Registry.banner()]: Initializing c3p0-0.9.1.2 [built 21-May-2007 15:04:56; debug? true; trace: 10]

2017-09-09 23:54:27
[INFO]-[xin.charming.dao.TagDao.updateByPrimaryKey()]: ======w====tag[Tag{id=3, tname='null', icon='icon', url='null', type='2', bgColor='null', topName='null'}]

2017-09-09 23:54:27
[INFO]-[com.mchange.v2.c3p0.impl.AbstractPoolBackedDataSource.getPoolManager()]: Initializing c3p0 pool... com.mchange.v2.c3p0.ComboPooledDataSource [ acquireIncrement -> 3, acquireRetryAttempts -> 30, acquireRetryDelay -> 1000, autoCommitOnClose -> false, automaticTestTable -> null, breakAfterAcquireFailure -> false, checkoutTimeout -> 0, connectionCustomizerClassName -> null, connectionTesterClassName -> com.mchange.v2.c3p0.impl.DefaultConnectionTester, dataSourceName -> 1hge0yz9qsobqx7rz1k8z|2002fc1d, debugUnreturnedConnectionStackTraces -> false, description -> null, driverClass -> com.mysql.jdbc.Driver, factoryClassLocation -> null, forceIgnoreUnresolvedTransactions -> false, identityToken -> 1hge0yz9qsobqx7rz1k8z|2002fc1d, idleConnectionTestPeriod -> 0, initialPoolSize -> 3, jdbcUrl -> jdbc:mysql://localhost:3306/qiange?useUnicode=true&amp;characterEncoding=UTF-8&allowMultiQueries=true, maxAdministrativeTaskTime -> 0, maxConnectionAge -> 0, maxIdleTime -> 0, maxIdleTimeExcessConnections -> 0, maxPoolSize -> 15, maxStatements -> 0, maxStatementsPerConnection -> 0, minPoolSize -> 3, numHelperThreads -> 3, numThreadsAwaitingCheckoutDefaultUser -> 0, preferredTestQuery -> null, properties -> {user=******, password=******}, propertyCycle -> 0, testConnectionOnCheckin -> false, testConnectionOnCheckout -> false, unreturnedConnectionTimeout -> 0, usesTraditionalReflectiveProxies -> false ]

2017-09-09 23:54:28
[INFO]-[org.springframework.context.support.AbstractApplicationContext.doClose()]: Closing org.springframework.context.support.GenericApplicationContext@64bfbc86: startup date [Sat Sep 09 23:54:24 CST 2017]; root of context hierarchy

2017-09-09 23:58:57
[INFO]-[org.springframework.test.context.support.AbstractTestContextBootstrapper.getDefaultTestExecutionListenerClassNames()]: Loaded default TestExecutionListener class names from location [META-INF/spring.factories]: [org.springframework.test.context.web.ServletTestExecutionListener, org.springframework.test.context.support.DirtiesContextBeforeModesTestExecutionListener, org.springframework.test.context.support.DependencyInjectionTestExecutionListener, org.springframework.test.context.support.DirtiesContextTestExecutionListener, org.springframework.test.context.transaction.TransactionalTestExecutionListener, org.springframework.test.context.jdbc.SqlScriptsTestExecutionListener]

2017-09-09 23:58:57
[INFO]-[org.springframework.test.context.support.AbstractTestContextBootstrapper.getTestExecutionListeners()]: Using TestExecutionListeners: [org.springframework.test.context.web.ServletTestExecutionListener@cb5822, org.springframework.test.context.support.DirtiesContextBeforeModesTestExecutionListener@4b9e13df, org.springframework.test.context.support.DependencyInjectionTestExecutionListener@2b98378d, org.springframework.test.context.support.DirtiesContextTestExecutionListener@475530b9, org.springframework.test.context.transaction.TransactionalTestExecutionListener@1d057a39, org.springframework.test.context.jdbc.SqlScriptsTestExecutionListener@26be92ad]

2017-09-09 23:58:57
[INFO]-[org.springframework.beans.factory.xml.XmlBeanDefinitionReader.loadBeanDefinitions()]: Loading XML bean definitions from class path resource [applicationContext.xml]

2017-09-09 23:58:57
[INFO]-[org.springframework.context.support.AbstractApplicationContext.prepareRefresh()]: Refreshing org.springframework.context.support.GenericApplicationContext@64bfbc86: startup date [Sat Sep 09 23:58:57 CST 2017]; root of context hierarchy

2017-09-09 23:58:57
[WARN]-[org.mybatis.spring.mapper.ClassPathMapperScanner.doScan()]: No MyBatis mapper was found in '[xin.charming.dao]' package. Please check your configuration.

2017-09-09 23:58:58
[INFO]-[com.mchange.v2.log.MLog.<clinit>()]: MLog clients using log4j logging.

2017-09-09 23:58:58
[INFO]-[com.mchange.v2.c3p0.C3P0Registry.banner()]: Initializing c3p0-0.9.1.2 [built 21-May-2007 15:04:56; debug? true; trace: 10]

2017-09-09 23:59:00
[INFO]-[xin.charming.dao.TagDao.updateByPrimaryKey()]: ======w====tag[Tag{id=3, tname='null', icon='icon', url='null', type='2', bgColor='null', topName='null'}]

2017-09-09 23:59:00
[INFO]-[com.mchange.v2.c3p0.impl.AbstractPoolBackedDataSource.getPoolManager()]: Initializing c3p0 pool... com.mchange.v2.c3p0.ComboPooledDataSource [ acquireIncrement -> 3, acquireRetryAttempts -> 30, acquireRetryDelay -> 1000, autoCommitOnClose -> false, automaticTestTable -> null, breakAfterAcquireFailure -> false, checkoutTimeout -> 0, connectionCustomizerClassName -> null, connectionTesterClassName -> com.mchange.v2.c3p0.impl.DefaultConnectionTester, dataSourceName -> 1hge0yz9qsohlh8tyl0wg|2002fc1d, debugUnreturnedConnectionStackTraces -> false, description -> null, driverClass -> com.mysql.jdbc.Driver, factoryClassLocation -> null, forceIgnoreUnresolvedTransactions -> false, identityToken -> 1hge0yz9qsohlh8tyl0wg|2002fc1d, idleConnectionTestPeriod -> 0, initialPoolSize -> 3, jdbcUrl -> jdbc:mysql://localhost:3306/qiange?useUnicode=true&amp;characterEncoding=UTF-8&allowMultiQueries=true, maxAdministrativeTaskTime -> 0, maxConnectionAge -> 0, maxIdleTime -> 0, maxIdleTimeExcessConnections -> 0, maxPoolSize -> 15, maxStatements -> 0, maxStatementsPerConnection -> 0, minPoolSize -> 3, numHelperThreads -> 3, numThreadsAwaitingCheckoutDefaultUser -> 0, preferredTestQuery -> null, properties -> {user=******, password=******}, propertyCycle -> 0, testConnectionOnCheckin -> false, testConnectionOnCheckout -> false, unreturnedConnectionTimeout -> 0, usesTraditionalReflectiveProxies -> false ]

2017-09-09 23:59:00
[INFO]-[org.springframework.context.support.AbstractApplicationContext.doClose()]: Closing org.springframework.context.support.GenericApplicationContext@64bfbc86: startup date [Sat Sep 09 23:58:57 CST 2017]; root of context hierarchy
